Fitter report for al422b_2rgb_8s
Thu Dec 07 16:45:35 2017
Quartus II 64-Bit Version 13.0.1 Build 232 06/12/2013 Service Pack 1 SJ Web Edition


---------------------
; Table of Contents ;
---------------------
  1. Legal Notice
  2. Fitter Summary
  3. Fitter Settings
  4. Parallel Compilation
  5. Pin-Out File
  6. Fitter Resource Usage Summary
  7. Input Pins
  8. Output Pins
  9. All Package Pins
 10. I/O Standard
 11. Dedicated Inputs I/O
 12. Output Pin Default Load For Reported TCO
 13. Fitter Resource Utilization by Entity
 14. Control Signals
 15. Global & Other Fast Signals
 16. Non-Global High Fan-Out Signals
 17. Other Routing Usage Summary
 18. LAB Macrocells
 19. Parallel Expander
 20. Logic Cell Interconnection
 21. Fitter Device Options
 22. Fitter Messages



----------------
; Legal Notice ;
----------------
Copyright (C) 1991-2013 Altera Corporation
Your use of Altera Corporation's design tools, logic functions 
and other software and tools, and its AMPP partner logic 
functions, and any output files from any of the foregoing 
(including device programming or simulation files), and any 
associated documentation or information are expressly subject 
to the terms and conditions of the Altera Program License 
Subscription Agreement, Altera MegaCore Function License 
Agreement, or other applicable license agreement, including, 
without limitation, that your use is for the sole purpose of 
programming logic devices manufactured by Altera and sold by 
Altera or its authorized distributors.  Please refer to the 
applicable agreement for further details.



+-----------------------------------------------------------------------------+
; Fitter Summary                                                              ;
+---------------------------+-------------------------------------------------+
; Fitter Status             ; Successful - Thu Dec 07 16:45:35 2017           ;
; Quartus II 64-Bit Version ; 13.0.1 Build 232 06/12/2013 SP 1 SJ Web Edition ;
; Revision Name             ; al422b_2rgb_8s                                  ;
; Top-level Entity Name     ; led_al422_main                                  ;
; Family                    ; MAX3000A                                        ;
; Device                    ; EPM3064ATC44-10                                 ;
; Timing Models             ; Final                                           ;
; Total macrocells          ; 53 / 64 ( 83 % )                                ;
; Total pins                ; 29 / 34 ( 85 % )                                ;
+---------------------------+-------------------------------------------------+


+--------------------------------------------------------------------------------------------------------------+
; Fitter Settings                                                                                              ;
+----------------------------------------------------------------------------+-----------------+---------------+
; Option                                                                     ; Setting         ; Default Value ;
+----------------------------------------------------------------------------+-----------------+---------------+
; Device                                                                     ; EPM3064ATC44-10 ;               ;
; Use smart compilation                                                      ; Off             ; Off           ;
; Enable parallel Assembler and TimeQuest Timing Analyzer during compilation ; On              ; On            ;
; Enable compact report table                                                ; Off             ; Off           ;
; Optimize Multi-Corner Timing                                               ; Off             ; Off           ;
; Optimize Timing for ECOs                                                   ; Off             ; Off           ;
; Regenerate full fit report during ECO compiles                             ; Off             ; Off           ;
; Optimize IOC Register Placement for Timing                                 ; Normal          ; Normal        ;
; Fitter Initial Placement Seed                                              ; 1               ; 1             ;
; Slow Slew Rate                                                             ; Off             ; Off           ;
; Fitter Effort                                                              ; Auto Fit        ; Auto Fit      ;
; Force Fitter to Avoid Periphery Placement Warnings                         ; Off             ; Off           ;
+----------------------------------------------------------------------------+-----------------+---------------+


Parallel compilation was disabled, but you have multiple processors available. Enable parallel compilation to reduce compilation time.
+-------------------------------------+
; Parallel Compilation                ;
+----------------------------+--------+
; Processors                 ; Number ;
+----------------------------+--------+
; Number detected on machine ; 8      ;
; Maximum allowed            ; 1      ;
+----------------------------+--------+


+--------------+
; Pin-Out File ;
+--------------+
The pin-out file can be found in D:/altera/al422b/output_files/al422b_2rgb_8s.pin.


+-------------------------------------------------+
; Fitter Resource Usage Summary                   ;
+------------------------------+------------------+
; Resource                     ; Usage            ;
+------------------------------+------------------+
; Logic cells                  ; 53 / 64 ( 83 % ) ;
; Registers                    ; 44 / 64 ( 69 % ) ;
; Number of pterms used        ; 108              ;
; I/O pins                     ; 29 / 34 ( 85 % ) ;
;     -- Clock pins            ; 1 / 2 ( 50 % )   ;
;     -- Dedicated input pins  ; 1 / 2 ( 50 % )   ;
;                              ;                  ;
; Global signals               ; 2                ;
; Shareable expanders          ; 0 / 64 ( 0 % )   ;
; Parallel expanders           ; 4 / 60 ( 7 % )   ;
; Cells using turbo bit        ; 53 / 64 ( 83 % ) ;
; Maximum fan-out              ; 44               ;
; Highest non-global fan-out   ; 24               ;
; Total fan-out                ; 390              ;
; Average fan-out              ; 4.76             ;
+------------------------------+------------------+


+---------------------------------------------------------------------------------------------------------------------------------+
; Input Pins                                                                                                                      ;
+------------+-------+----------+-----+-----------------------+--------------------+--------+--------------+----------------------+
; Name       ; Pin # ; I/O Bank ; LAB ; Combinational Fan-Out ; Registered Fan-Out ; Global ; I/O Standard ; Location assigned by ;
+------------+-------+----------+-----+-----------------------+--------------------+--------+--------------+----------------------+
; in_clk     ; 37    ; --       ; --  ; 44                    ; 0                  ; yes    ; 3.3-V LVTTL  ; User                 ;
; in_data[0] ; 33    ; --       ; 4   ; 1                     ; 0                  ; no     ; 3.3-V LVTTL  ; User                 ;
; in_data[1] ; 31    ; --       ; 4   ; 1                     ; 0                  ; no     ; 3.3-V LVTTL  ; User                 ;
; in_data[2] ; 34    ; --       ; 4   ; 1                     ; 0                  ; no     ; 3.3-V LVTTL  ; User                 ;
; in_data[3] ; 35    ; --       ; 4   ; 1                     ; 0                  ; no     ; 3.3-V LVTTL  ; User                 ;
; in_data[4] ; 42    ; --       ; 1   ; 1                     ; 0                  ; no     ; 3.3-V LVTTL  ; User                 ;
; in_data[5] ; 43    ; --       ; 1   ; 1                     ; 0                  ; no     ; 3.3-V LVTTL  ; User                 ;
; in_data[6] ; 44    ; --       ; 1   ; 1                     ; 0                  ; no     ; 3.3-V LVTTL  ; User                 ;
; in_data[7] ; 3     ; --       ; 1   ; 1                     ; 0                  ; no     ; 3.3-V LVTTL  ; User                 ;
; in_nrst    ; 39    ; --       ; --  ; 44                    ; 0                  ; yes    ; 3.3-V LVTTL  ; User                 ;
+------------+-------+----------+-----+-----------------------+--------------------+--------+--------------+----------------------+


+-------------------------------------------------------------------------------------------------------------------------------------------------------------------------------------------------+
; Output Pins                                                                                                                                                                                     ;
+-------------+-------+----------+-----+-----------------+----------------+------------+---------------+--------------+----------------------+-------+----------------------+---------------------+
; Name        ; Pin # ; I/O Bank ; LAB ; Output Register ; Slow Slew Rate ; Open Drain ; TRI Primitive ; I/O Standard ; Location assigned by ; Load  ; Output Enable Source ; Output Enable Group ;
+-------------+-------+----------+-----+-----------------+----------------+------------+---------------+--------------+----------------------+-------+----------------------+---------------------+
; al422_nrst  ; 2     ; --       ; 1   ; no              ; no             ; no         ; no            ; 3.3-V LVTTL  ; User                 ; 10 pF ; -                    ; -                   ;
; led_clk_out ; 22    ; --       ; 3   ; no              ; no             ; no         ; no            ; 3.3-V LVTTL  ; User                 ; 10 pF ; -                    ; -                   ;
; led_lat_out ; 23    ; --       ; 3   ; no              ; no             ; no         ; no            ; 3.3-V LVTTL  ; User                 ; 10 pF ; -                    ; -                   ;
; led_oe_out  ; 25    ; --       ; 3   ; no              ; no             ; no         ; no            ; 3.3-V LVTTL  ; User                 ; 10 pF ; -                    ; -                   ;
; led_row[0]  ; 18    ; --       ; 3   ; no              ; no             ; no         ; no            ; 3.3-V LVTTL  ; User                 ; 10 pF ; -                    ; -                   ;
; led_row[1]  ; 19    ; --       ; 3   ; no              ; no             ; no         ; no            ; 3.3-V LVTTL  ; User                 ; 10 pF ; -                    ; -                   ;
; led_row[2]  ; 20    ; --       ; 3   ; no              ; no             ; no         ; no            ; 3.3-V LVTTL  ; User                 ; 10 pF ; -                    ; -                   ;
; led_row[3]  ; 21    ; --       ; 3   ; no              ; no             ; no         ; no            ; 3.3-V LVTTL  ; User                 ; 10 pF ; -                    ; -                   ;
; led_row[4]  ; 15    ; --       ; 2   ; no              ; no             ; no         ; no            ; 3.3-V LVTTL  ; User                 ; 10 pF ; -                    ; -                   ;
; rgb1[0]     ; 6     ; --       ; 1   ; no              ; no             ; no         ; no            ; 3.3-V LVTTL  ; User                 ; 10 pF ; -                    ; -                   ;
; rgb1[1]     ; 8     ; --       ; 2   ; no              ; no             ; no         ; no            ; 3.3-V LVTTL  ; User                 ; 10 pF ; -                    ; -                   ;
; rgb1[2]     ; 10    ; --       ; 2   ; no              ; no             ; no         ; no            ; 3.3-V LVTTL  ; User                 ; 10 pF ; -                    ; -                   ;
; rgb2[0]     ; 12    ; --       ; 2   ; no              ; no             ; no         ; no            ; 3.3-V LVTTL  ; User                 ; 10 pF ; -                    ; -                   ;
; rgb2[1]     ; 13    ; --       ; 2   ; no              ; no             ; no         ; no            ; 3.3-V LVTTL  ; User                 ; 10 pF ; -                    ; -                   ;
; rgb2[2]     ; 14    ; --       ; 2   ; no              ; no             ; no         ; no            ; 3.3-V LVTTL  ; User                 ; 10 pF ; -                    ; -                   ;
+-------------+-------+----------+-----+-----------------+----------------+------------+---------------+--------------+----------------------+-------+----------------------+---------------------+


+-------------------------------------------------------------------------------------------------------+
; All Package Pins                                                                                      ;
+----------+------------+----------+----------------+--------+--------------+---------+-----------------+
; Location ; Pad Number ; I/O Bank ; Pin Name/Usage ; Dir.   ; I/O Standard ; Voltage ; User Assignment ;
+----------+------------+----------+----------------+--------+--------------+---------+-----------------+
; 1        ; 6          ; --       ; TDI            ; input  ; 3.3-V LVTTL  ;         ; N               ;
; 2        ; 7          ; --       ; al422_nrst     ; output ; 3.3-V LVTTL  ;         ; Y               ;
; 3        ; 8          ; --       ; in_data[7]     ; input  ; 3.3-V LVTTL  ;         ; Y               ;
; 4        ; 9          ; --       ; GND            ; gnd    ;              ;         ;                 ;
; 5        ; 10         ; --       ; RESERVED       ;        ;              ;         ;                 ;
; 6        ; 11         ; --       ; rgb1[0]        ; output ; 3.3-V LVTTL  ;         ; Y               ;
; 7        ; 12         ; --       ; TMS            ; input  ; 3.3-V LVTTL  ;         ; N               ;
; 8        ; 13         ; --       ; rgb1[1]        ; output ; 3.3-V LVTTL  ;         ; Y               ;
; 9        ; 14         ; --       ; VCCIO          ; power  ;              ; 3.3V    ;                 ;
; 10       ; 15         ; --       ; rgb1[2]        ; output ; 3.3-V LVTTL  ;         ; Y               ;
; 11       ; 16         ; --       ; GND            ; gnd    ;              ;         ;                 ;
; 12       ; 17         ; --       ; rgb2[0]        ; output ; 3.3-V LVTTL  ;         ; Y               ;
; 13       ; 18         ; --       ; rgb2[1]        ; output ; 3.3-V LVTTL  ;         ; Y               ;
; 14       ; 19         ; --       ; rgb2[2]        ; output ; 3.3-V LVTTL  ;         ; Y               ;
; 15       ; 20         ; --       ; led_row[4]     ; output ; 3.3-V LVTTL  ;         ; Y               ;
; 16       ; 21         ; --       ; GND            ; gnd    ;              ;         ;                 ;
; 17       ; 22         ; --       ; VCCINT         ; power  ;              ; 3.3V    ;                 ;
; 18       ; 23         ; --       ; led_row[0]     ; output ; 3.3-V LVTTL  ;         ; Y               ;
; 19       ; 24         ; --       ; led_row[1]     ; output ; 3.3-V LVTTL  ;         ; Y               ;
; 20       ; 25         ; --       ; led_row[2]     ; output ; 3.3-V LVTTL  ;         ; Y               ;
; 21       ; 26         ; --       ; led_row[3]     ; output ; 3.3-V LVTTL  ;         ; Y               ;
; 22       ; 27         ; --       ; led_clk_out    ; output ; 3.3-V LVTTL  ;         ; Y               ;
; 23       ; 28         ; --       ; led_lat_out    ; output ; 3.3-V LVTTL  ;         ; Y               ;
; 24       ; 29         ; --       ; GND            ; gnd    ;              ;         ;                 ;
; 25       ; 30         ; --       ; led_oe_out     ; output ; 3.3-V LVTTL  ;         ; Y               ;
; 26       ; 31         ; --       ; TCK            ; input  ; 3.3-V LVTTL  ;         ; N               ;
; 27       ; 32         ; --       ; RESERVED       ;        ;              ;         ;                 ;
; 28       ; 33         ; --       ; RESERVED       ;        ;              ;         ;                 ;
; 29       ; 34         ; --       ; VCCIO          ; power  ;              ; 3.3V    ;                 ;
; 30       ; 35         ; --       ; GND            ; gnd    ;              ;         ;                 ;
; 31       ; 36         ; --       ; in_data[1]     ; input  ; 3.3-V LVTTL  ;         ; Y               ;
; 32       ; 37         ; --       ; TDO            ; output ; 3.3-V LVTTL  ;         ; N               ;
; 33       ; 38         ; --       ; in_data[0]     ; input  ; 3.3-V LVTTL  ;         ; Y               ;
; 34       ; 39         ; --       ; in_data[2]     ; input  ; 3.3-V LVTTL  ;         ; Y               ;
; 35       ; 40         ; --       ; in_data[3]     ; input  ; 3.3-V LVTTL  ;         ; Y               ;
; 36       ; 41         ; --       ; GND            ; gnd    ;              ;         ;                 ;
; 37       ; 42         ; --       ; in_clk         ; input  ; 3.3-V LVTTL  ;         ; Y               ;
; 38       ; 43         ; --       ; GND+           ;        ;              ;         ;                 ;
; 39       ; 0          ; --       ; in_nrst        ; input  ; 3.3-V LVTTL  ;         ; Y               ;
; 40       ; 1          ; --       ; GND+           ;        ;              ;         ;                 ;
; 41       ; 2          ; --       ; VCCINT         ; power  ;              ; 3.3V    ;                 ;
; 42       ; 3          ; --       ; in_data[4]     ; input  ; 3.3-V LVTTL  ;         ; Y               ;
; 43       ; 4          ; --       ; in_data[5]     ; input  ; 3.3-V LVTTL  ;         ; Y               ;
; 44       ; 5          ; --       ; in_data[6]     ; input  ; 3.3-V LVTTL  ;         ; Y               ;
+----------+------------+----------+----------------+--------+--------------+---------+-----------------+
Note: Pin directions (input, output or bidir) are based on device operating in user mode.


+--------------------------------------------------------------------------------------------------+
; I/O Standard                                                                                     ;
+--------------+------------+----------------------+-------------------+-------------------+-------+
; I/O Standard ; Input Vref ; Dedicated Input Pins ; Pins in I/O Bank1 ; Pins in I/O Bank2 ; Total ;
+--------------+------------+----------------------+-------------------+-------------------+-------+
; 3.3-V LVTTL  ; -          ; 2                    ; 0                 ; 0                 ; 2     ;
+--------------+------------+----------------------+-------------------+-------------------+-------+


+-----------------------------------------------------------------------+
; Dedicated Inputs I/O                                                  ;
+---------+-------+-------+-------+--------------+------------+---------+
; Name    ; Pin # ; Type  ; VCCIO ; I/O Standard ; Input Vref ; Current ;
+---------+-------+-------+-------+--------------+------------+---------+
; in_clk  ; 37    ; Input ; --    ; 3.3-V LVTTL  ; -          ; 0 mA    ;
; in_nrst ; 39    ; Input ; --    ; 3.3-V LVTTL  ; -          ; 0 mA    ;
+---------+-------+-------+-------+--------------+------------+---------+


+-----------------------------------------------+
; Output Pin Default Load For Reported TCO      ;
+--------------+-------+------------------------+
; I/O Standard ; Load  ; Termination Resistance ;
+--------------+-------+------------------------+
; 3.3-V LVTTL  ; 10 pF ; Not Available          ;
; 3.3-V LVCMOS ; 10 pF ; Not Available          ;
; 3.3-V PCI    ; 10 pF ; 25 Ohm (Parallel)      ;
; 2.5 V        ; 10 pF ; Not Available          ;
+--------------+-------+------------------------+
Note: User assignments will override these defaults. The user specified values are listed in the Output Pins and Bidir Pins tables.


+-----------------------------------------------------------------------------------------------------------------------------+
; Fitter Resource Utilization by Entity                                                                                       ;
+---------------------------------------+------------+------+--------------------------------------------------+--------------+
; Compilation Hierarchy Node            ; Macrocells ; Pins ; Full Hierarchy Name                              ; Library Name ;
+---------------------------------------+------------+------+--------------------------------------------------+--------------+
; |led_al422_main                       ; 53         ; 29   ; |led_al422_main                                  ; work         ;
;    |data_rx_3bytes_1RGB:data_decoder| ; 31         ; 0    ; |led_al422_main|data_rx_3bytes_1RGB:data_decoder ; work         ;
+---------------------------------------+------------+------+--------------------------------------------------+--------------+


+---------------------------------------------------------------------------------------------------------------------------------------+
; Control Signals                                                                                                                       ;
+------------------------------------------------+----------+---------+--------------+--------+----------------------+------------------+
; Name                                           ; Location ; Fan-Out ; Usage        ; Global ; Global Resource Used ; Global Line Name ;
+------------------------------------------------+----------+---------+--------------+--------+----------------------+------------------+
; data_rx_3bytes_1RGB:data_decoder|phase_cntr[0] ; LC49     ; 24      ; Clock enable ; no     ; --                   ; --               ;
; data_rx_3bytes_1RGB:data_decoder|phase_cntr[1] ; LC50     ; 24      ; Clock enable ; no     ; --                   ; --               ;
; in_clk                                         ; PIN_37   ; 44      ; Clock        ; yes    ; On                   ; --               ;
; in_nrst                                        ; PIN_39   ; 44      ; Async. clear ; yes    ; On                   ; --               ;
; in_nrst                                        ; PIN_39   ; 44      ; Preset       ; no     ; --                   ; --               ;
; led_row[0]~reg0                                ; LC33     ; 14      ; Clock enable ; no     ; --                   ; --               ;
; led_row[1]~reg0                                ; LC35     ; 14      ; Clock enable ; no     ; --                   ; --               ;
; led_row[2]~reg0                                ; LC36     ; 13      ; Clock enable ; no     ; --                   ; --               ;
; led_row[3]~reg0                                ; LC37     ; 12      ; Clock enable ; no     ; --                   ; --               ;
; led_row[4]~reg0                                ; LC17     ; 12      ; Clock enable ; no     ; --                   ; --               ;
; pixel_counter[0]                               ; LC58     ; 18      ; Clock enable ; no     ; --                   ; --               ;
; pixel_counter[1]                               ; LC29     ; 17      ; Clock enable ; no     ; --                   ; --               ;
; pixel_counter[2]                               ; LC4      ; 16      ; Clock enable ; no     ; --                   ; --               ;
+------------------------------------------------+----------+---------+--------------+--------+----------------------+------------------+


+------------------------------------------------------------------------+
; Global & Other Fast Signals                                            ;
+---------+----------+---------+----------------------+------------------+
; Name    ; Location ; Fan-Out ; Global Resource Used ; Global Line Name ;
+---------+----------+---------+----------------------+------------------+
; in_clk  ; PIN_37   ; 44      ; On                   ; --               ;
; in_nrst ; PIN_39   ; 44      ; On                   ; --               ;
+---------+----------+---------+----------------------+------------------+


+--------------------------------------------------------------+
; Non-Global High Fan-Out Signals                              ;
+----------------------------------------------------+---------+
; Name                                               ; Fan-Out ;
+----------------------------------------------------+---------+
; data_rx_3bytes_1RGB:data_decoder|phase_cntr[1]     ; 24      ;
; data_rx_3bytes_1RGB:data_decoder|phase_cntr[0]     ; 24      ;
; pixel_counter[0]                                   ; 18      ;
; pixel_counter[1]                                   ; 17      ;
; pixel_counter[2]                                   ; 16      ;
; led_row[1]~reg0                                    ; 14      ;
; led_row[0]~reg0                                    ; 14      ;
; led_row[2]~reg0                                    ; 13      ;
; led_row[4]~reg0                                    ; 12      ;
; led_row[3]~reg0                                    ; 12      ;
; pwm_cntr[4]                                        ; 9       ;
; pwm_cntr[2]                                        ; 9       ;
; pwm_cntr[0]                                        ; 9       ;
; pwm_cntr[1]                                        ; 9       ;
; pwm_cntr[5]                                        ; 8       ;
; pwm_cntr[3]                                        ; 8       ;
; pwm_cntr[6]                                        ; 7       ;
; pwm_cntr[7]                                        ; 5       ;
; data_rx_3bytes_1RGB:data_decoder|tmp_reg_pwm[2]    ; 4       ;
; data_rx_3bytes_1RGB:data_decoder|tmp_reg_pwm[0]    ; 4       ;
; data_rx_3bytes_1RGB:data_decoder|tmp_reg_buffer[0] ; 4       ;
; data_rx_3bytes_1RGB:data_decoder|tmp_reg_buffer[1] ; 4       ;
; data_rx_3bytes_1RGB:data_decoder|tmp_reg_pwm[3]    ; 3       ;
; data_rx_3bytes_1RGB:data_decoder|tmp_reg_pwm[1]    ; 3       ;
; data_rx_3bytes_1RGB:data_decoder|tmp_reg_buffer[2] ; 3       ;
; data_rx_3bytes_1RGB:data_decoder|tmp_reg_buffer[3] ; 3       ;
; data_rx_3bytes_1RGB:data_decoder|in_data_buffer[4] ; 3       ;
; data_rx_3bytes_1RGB:data_decoder|in_data_buffer[5] ; 3       ;
; data_rx_3bytes_1RGB:data_decoder|in_data_buffer[6] ; 3       ;
; data_rx_3bytes_1RGB:data_decoder|in_data_buffer[7] ; 3       ;
; data_rx_3bytes_1RGB:data_decoder|tmp_rgb[1]        ; 2       ;
; data_rx_3bytes_1RGB:data_decoder|tmp_rgb[0]        ; 2       ;
; led_oe                                             ; 2       ;
; in_data[7]                                         ; 1       ;
; in_data[6]                                         ; 1       ;
; in_data[5]                                         ; 1       ;
; in_data[4]                                         ; 1       ;
; in_data[3]                                         ; 1       ;
; in_data[2]                                         ; 1       ;
; in_data[1]                                         ; 1       ;
; in_data[0]                                         ; 1       ;
; data_rx_3bytes_1RGB:data_decoder|comparator_out~27 ; 1       ;
; data_rx_3bytes_1RGB:data_decoder|comparator_out~22 ; 1       ;
; ~GND~2                                             ; 1       ;
; ~GND~1                                             ; 1       ;
; ~GND~0                                             ; 1       ;
; data_rx_3bytes_1RGB:data_decoder|LessThan0~24      ; 1       ;
; data_rx_3bytes_1RGB:data_decoder|LessThan0~18      ; 1       ;
; data_rx_3bytes_1RGB:data_decoder|rgb1[2]           ; 1       ;
; data_rx_3bytes_1RGB:data_decoder|rgb1[1]           ; 1       ;
; data_rx_3bytes_1RGB:data_decoder|tmp_rgb[2]        ; 1       ;
; data_rx_3bytes_1RGB:data_decoder|rgb1[0]           ; 1       ;
; data_rx_3bytes_1RGB:data_decoder|comparator_out    ; 1       ;
; data_rx_3bytes_1RGB:data_decoder|tmp_carry         ; 1       ;
; al422_nrst~reg0                                    ; 1       ;
; led_lat~8                                          ; 1       ;
; data_rx_3bytes_1RGB:data_decoder|Equal2~6          ; 1       ;
; data_rx_3bytes_1RGB:data_decoder|in_data_buffer[0] ; 1       ;
; data_rx_3bytes_1RGB:data_decoder|in_data_buffer[1] ; 1       ;
; data_rx_3bytes_1RGB:data_decoder|in_data_buffer[2] ; 1       ;
; data_rx_3bytes_1RGB:data_decoder|in_data_buffer[3] ; 1       ;
+----------------------------------------------------+---------+


+-------------------------------------------------+
; Other Routing Usage Summary                     ;
+-----------------------------+-------------------+
; Other Routing Resource Type ; Usage             ;
+-----------------------------+-------------------+
; Output enables              ; 0 / 6 ( 0 % )     ;
; PIA buffers                 ; 76 / 144 ( 53 % ) ;
+-----------------------------+-------------------+


+-----------------------------------------------------------------------+
; LAB Macrocells                                                        ;
+-----------------------------------------+-----------------------------+
; Number of Macrocells  (Average = 13.25) ; Number of LABs  (Total = 4) ;
+-----------------------------------------+-----------------------------+
; 0                                       ; 0                           ;
; 1                                       ; 0                           ;
; 2                                       ; 0                           ;
; 3                                       ; 0                           ;
; 4                                       ; 0                           ;
; 5                                       ; 0                           ;
; 6                                       ; 0                           ;
; 7                                       ; 1                           ;
; 8                                       ; 0                           ;
; 9                                       ; 0                           ;
; 10                                      ; 0                           ;
; 11                                      ; 0                           ;
; 12                                      ; 0                           ;
; 13                                      ; 0                           ;
; 14                                      ; 0                           ;
; 15                                      ; 2                           ;
; 16                                      ; 1                           ;
+-----------------------------------------+-----------------------------+


+---------------------------------------------------------+
; Parallel Expander                                       ;
+--------------------------+------------------------------+
; Parallel Expander Length ; Number of Parallel Expanders ;
+--------------------------+------------------------------+
; 0                        ; 0                            ;
; 1                        ; 0                            ;
; 2                        ; 2                            ;
+--------------------------+------------------------------+


+---------------------------------------------------------------------------------------------------------------------------------------------------------------------------------------------------------------------------------------------------------------------------------------------------------------------------------------------------------------------------------------------------------------------------------------------------------------------------------------------------------------------------------------------------------------------------------------------------------------------------------------------------------------------------------------------------------------------------------------------------------------------------------------------------------------------------------------------------------------------------------------------------------------------------------------------------------------------------------------------------------------------------------------------------------------------+
; Logic Cell Interconnection                                                                                                                                                                                                                                                                                                                                                                                                                                                                                                                                                                                                                                                                                                                                                                                                                                                                                                                                                                                                                                          ;
+-----+------------+-----------------------------------------------------------------------------------------------------------------------------------------------------------------------------------------------------------------------------------------------------------------------------------------------------------------------------------------------------------------------------------------------------------------------------------------------------------------------------------------+--------------------------------------------------------------------------------------------------------------------------------------------------------------------------------------------------------------------------------------------------------------------------------------------------------------------------------------------------------------------------------------------------------------------------------------------------------------------------------------------------------------------------------------------------------+
; LAB ; Logic Cell ; Input                                                                                                                                                                                                                                                                                                                                                                                                                                                                                   ; Output                                                                                                                                                                                                                                                                                                                                                                                                                                                                                                                                                 ;
+-----+------------+-----------------------------------------------------------------------------------------------------------------------------------------------------------------------------------------------------------------------------------------------------------------------------------------------------------------------------------------------------------------------------------------------------------------------------------------------------------------------------------------+--------------------------------------------------------------------------------------------------------------------------------------------------------------------------------------------------------------------------------------------------------------------------------------------------------------------------------------------------------------------------------------------------------------------------------------------------------------------------------------------------------------------------------------------------------+
;  A  ; LC15       ; in_clk, in_nrst, pwm_cntr[0], pwm_cntr[1], pwm_cntr[2], data_rx_3bytes_1RGB:data_decoder|phase_cntr[1], data_rx_3bytes_1RGB:data_decoder|phase_cntr[0], pixel_counter[1], pixel_counter[0], pixel_counter[2], led_row[0]~reg0, led_row[4]~reg0, led_row[3]~reg0, led_row[2]~reg0, led_row[1]~reg0                                                                                                                                                                                       ; pwm_cntr[1], pwm_cntr[0], pwm_cntr[2], data_rx_3bytes_1RGB:data_decoder|tmp_reg_pwm[2], pwm_cntr[3], pwm_cntr[4], pwm_cntr[5], pwm_cntr[6], pwm_cntr[7]                                                                                                                                                                                                                                                                                                                                                                                                ;
;  A  ; LC8        ; in_clk, in_nrst, pwm_cntr[2]                                                                                                                                                                                                                                                                                                                                                                                                                                                            ; data_rx_3bytes_1RGB:data_decoder|comparator_out, data_rx_3bytes_1RGB:data_decoder|comparator_out~22, data_rx_3bytes_1RGB:data_decoder|comparator_out~27, data_rx_3bytes_1RGB:data_decoder|tmp_rgb[0]                                                                                                                                                                                                                                                                                                                                                   ;
;  A  ; LC4        ; in_clk, in_nrst, pixel_counter[1], pixel_counter[0], data_rx_3bytes_1RGB:data_decoder|phase_cntr[1], data_rx_3bytes_1RGB:data_decoder|phase_cntr[0]                                                                                                                                                                                                                                                                                                                                     ; led_lat~8, led_row[0]~reg0, led_oe, led_row[1]~reg0, led_row[2]~reg0, led_row[3]~reg0, led_row[4]~reg0, al422_nrst~reg0, pwm_cntr[1], pwm_cntr[0], pwm_cntr[2], pwm_cntr[3], pwm_cntr[4], pwm_cntr[5], pwm_cntr[6], pwm_cntr[7]                                                                                                                                                                                                                                                                                                                        ;
;  A  ; LC10       ; in_clk, in_nrst, pwm_cntr[6], pwm_cntr[5], pwm_cntr[4], pwm_cntr[3], pwm_cntr[2], pwm_cntr[0], pwm_cntr[1], pwm_cntr[7], data_rx_3bytes_1RGB:data_decoder|phase_cntr[1], data_rx_3bytes_1RGB:data_decoder|phase_cntr[0], pixel_counter[1], pixel_counter[0], pixel_counter[2], led_row[0]~reg0, led_row[4]~reg0, led_row[3]~reg0, led_row[2]~reg0, led_row[1]~reg0                                                                                                                      ; pwm_cntr[1], pwm_cntr[0], pwm_cntr[7], data_rx_3bytes_1RGB:data_decoder|LessThan0~18, data_rx_3bytes_1RGB:data_decoder|LessThan0~24                                                                                                                                                                                                                                                                                                                                                                                                                    ;
;  A  ; LC11       ; in_clk, in_nrst, pwm_cntr[5], pwm_cntr[4], pwm_cntr[3], pwm_cntr[2], pwm_cntr[0], pwm_cntr[1], pwm_cntr[6], data_rx_3bytes_1RGB:data_decoder|phase_cntr[1], data_rx_3bytes_1RGB:data_decoder|phase_cntr[0], pixel_counter[1], pixel_counter[0], pixel_counter[2], led_row[0]~reg0, led_row[4]~reg0, led_row[3]~reg0, led_row[2]~reg0, led_row[1]~reg0                                                                                                                                   ; pwm_cntr[1], pwm_cntr[0], pwm_cntr[6], pwm_cntr[7], data_rx_3bytes_1RGB:data_decoder|tmp_carry, data_rx_3bytes_1RGB:data_decoder|LessThan0~18, data_rx_3bytes_1RGB:data_decoder|LessThan0~24                                                                                                                                                                                                                                                                                                                                                           ;
;  A  ; LC7        ; in_clk, in_nrst, pwm_cntr[7], pwm_cntr[6], pwm_cntr[5], pwm_cntr[4], pwm_cntr[3], pwm_cntr[2], pwm_cntr[1], pwm_cntr[0], data_rx_3bytes_1RGB:data_decoder|phase_cntr[1], data_rx_3bytes_1RGB:data_decoder|phase_cntr[0], pixel_counter[1], pixel_counter[0], pixel_counter[2], led_row[0]~reg0, led_row[4]~reg0, led_row[3]~reg0, led_row[2]~reg0, led_row[1]~reg0                                                                                                                      ; pwm_cntr[1], data_rx_3bytes_1RGB:data_decoder|tmp_reg_pwm[1], pwm_cntr[0], pwm_cntr[2], pwm_cntr[3], pwm_cntr[4], pwm_cntr[5], pwm_cntr[6], pwm_cntr[7]                                                                                                                                                                                                                                                                                                                                                                                                ;
;  A  ; LC13       ; in_clk, in_nrst, pwm_cntr[2], pwm_cntr[0], pwm_cntr[1], pwm_cntr[3], data_rx_3bytes_1RGB:data_decoder|phase_cntr[1], data_rx_3bytes_1RGB:data_decoder|phase_cntr[0], pixel_counter[1], pixel_counter[0], pixel_counter[2], led_row[0]~reg0, led_row[4]~reg0, led_row[3]~reg0, led_row[2]~reg0, led_row[1]~reg0                                                                                                                                                                          ; pwm_cntr[1], pwm_cntr[0], pwm_cntr[3], data_rx_3bytes_1RGB:data_decoder|tmp_reg_pwm[3], pwm_cntr[4], pwm_cntr[5], pwm_cntr[6], pwm_cntr[7]                                                                                                                                                                                                                                                                                                                                                                                                             ;
;  A  ; LC2        ; in_clk, in_nrst, pwm_cntr[4], pwm_cntr[3], pwm_cntr[2], pwm_cntr[0], pwm_cntr[1], pwm_cntr[5], data_rx_3bytes_1RGB:data_decoder|phase_cntr[1], data_rx_3bytes_1RGB:data_decoder|phase_cntr[0], pixel_counter[1], pixel_counter[0], pixel_counter[2], led_row[0]~reg0, led_row[4]~reg0, led_row[3]~reg0, led_row[2]~reg0, led_row[1]~reg0                                                                                                                                                ; pwm_cntr[1], pwm_cntr[0], pwm_cntr[5], pwm_cntr[6], pwm_cntr[7], data_rx_3bytes_1RGB:data_decoder|tmp_carry, data_rx_3bytes_1RGB:data_decoder|LessThan0~18, data_rx_3bytes_1RGB:data_decoder|LessThan0~24                                                                                                                                                                                                                                                                                                                                              ;
;  A  ; LC3        ; in_clk, in_nrst, pwm_cntr[3], pwm_cntr[2], pwm_cntr[0], pwm_cntr[1], pwm_cntr[4], data_rx_3bytes_1RGB:data_decoder|phase_cntr[1], data_rx_3bytes_1RGB:data_decoder|phase_cntr[0], pixel_counter[1], pixel_counter[0], pixel_counter[2], led_row[0]~reg0, led_row[4]~reg0, led_row[3]~reg0, led_row[2]~reg0, led_row[1]~reg0                                                                                                                                                             ; pwm_cntr[1], pwm_cntr[0], pwm_cntr[4], pwm_cntr[5], pwm_cntr[6], pwm_cntr[7], data_rx_3bytes_1RGB:data_decoder|tmp_carry, data_rx_3bytes_1RGB:data_decoder|LessThan0~18, data_rx_3bytes_1RGB:data_decoder|LessThan0~24                                                                                                                                                                                                                                                                                                                                 ;
;  A  ; LC5        ; in_clk, pixel_counter[1], pixel_counter[0], pixel_counter[2], led_row[0]~reg0, led_row[4]~reg0, led_row[3]~reg0, led_row[2]~reg0, led_row[1]~reg0, data_rx_3bytes_1RGB:data_decoder|phase_cntr[1], data_rx_3bytes_1RGB:data_decoder|phase_cntr[0], in_nrst                                                                                                                                                                                                                              ; al422_nrst                                                                                                                                                                                                                                                                                                                                                                                                                                                                                                                                             ;
;  A  ; LC6        ; in_clk, in_nrst, pwm_cntr[1]                                                                                                                                                                                                                                                                                                                                                                                                                                                            ; data_rx_3bytes_1RGB:data_decoder|comparator_out, data_rx_3bytes_1RGB:data_decoder|comparator_out~22, data_rx_3bytes_1RGB:data_decoder|comparator_out~27                                                                                                                                                                                                                                                                                                                                                                                                ;
;  A  ; LC14       ; in_clk, in_nrst, pwm_cntr[7], pwm_cntr[6], pwm_cntr[5], pwm_cntr[4], pwm_cntr[3], pwm_cntr[2], pwm_cntr[1], pwm_cntr[0], data_rx_3bytes_1RGB:data_decoder|phase_cntr[1], data_rx_3bytes_1RGB:data_decoder|phase_cntr[0], pixel_counter[1], pixel_counter[0], pixel_counter[2], led_row[0]~reg0, led_row[4]~reg0, led_row[3]~reg0, led_row[2]~reg0, led_row[1]~reg0                                                                                                                      ; pwm_cntr[1], pwm_cntr[0], data_rx_3bytes_1RGB:data_decoder|tmp_reg_pwm[0], pwm_cntr[2], pwm_cntr[3], pwm_cntr[4], pwm_cntr[5], pwm_cntr[6], pwm_cntr[7]                                                                                                                                                                                                                                                                                                                                                                                                ;
;  A  ; LC9        ; in_clk, in_nrst, pwm_cntr[3]                                                                                                                                                                                                                                                                                                                                                                                                                                                            ; data_rx_3bytes_1RGB:data_decoder|comparator_out, data_rx_3bytes_1RGB:data_decoder|comparator_out~27, data_rx_3bytes_1RGB:data_decoder|tmp_rgb[0]                                                                                                                                                                                                                                                                                                                                                                                                       ;
;  A  ; LC12       ; in_clk, in_nrst, pwm_cntr[0]                                                                                                                                                                                                                                                                                                                                                                                                                                                            ; data_rx_3bytes_1RGB:data_decoder|comparator_out, data_rx_3bytes_1RGB:data_decoder|comparator_out~22, data_rx_3bytes_1RGB:data_decoder|comparator_out~27, data_rx_3bytes_1RGB:data_decoder|tmp_rgb[0]                                                                                                                                                                                                                                                                                                                                                   ;
;  A  ; LC16       ; in_clk, in_nrst, data_rx_3bytes_1RGB:data_decoder|tmp_rgb[0]                                                                                                                                                                                                                                                                                                                                                                                                                            ; data_rx_3bytes_1RGB:data_decoder|tmp_rgb[2], data_rx_3bytes_1RGB:data_decoder|rgb1[1]                                                                                                                                                                                                                                                                                                                                                                                                                                                                  ;
;  A  ; LC1        ; in_clk, in_nrst, data_rx_3bytes_1RGB:data_decoder|tmp_rgb[0], data_rx_3bytes_1RGB:data_decoder|phase_cntr[1], data_rx_3bytes_1RGB:data_decoder|phase_cntr[0]                                                                                                                                                                                                                                                                                                                            ; rgb1[0]                                                                                                                                                                                                                                                                                                                                                                                                                                                                                                                                                ;
;  B  ; LC22       ; in_clk, in_nrst, data_rx_3bytes_1RGB:data_decoder|in_data_buffer[2]                                                                                                                                                                                                                                                                                                                                                                                                                     ; data_rx_3bytes_1RGB:data_decoder|comparator_out, data_rx_3bytes_1RGB:data_decoder|comparator_out~22, data_rx_3bytes_1RGB:data_decoder|comparator_out~27                                                                                                                                                                                                                                                                                                                                                                                                ;
;  B  ; LC32       ; in_clk, in_nrst, data_rx_3bytes_1RGB:data_decoder|in_data_buffer[1]                                                                                                                                                                                                                                                                                                                                                                                                                     ; data_rx_3bytes_1RGB:data_decoder|comparator_out, data_rx_3bytes_1RGB:data_decoder|comparator_out~22, data_rx_3bytes_1RGB:data_decoder|comparator_out~27, data_rx_3bytes_1RGB:data_decoder|tmp_rgb[0]                                                                                                                                                                                                                                                                                                                                                   ;
;  B  ; LC17       ; in_clk, in_nrst, led_row[3]~reg0, led_row[2]~reg0, led_row[1]~reg0, led_row[0]~reg0, led_row[4]~reg0, pixel_counter[2], data_rx_3bytes_1RGB:data_decoder|phase_cntr[1], data_rx_3bytes_1RGB:data_decoder|phase_cntr[0], pixel_counter[1], pixel_counter[0]                                                                                                                                                                                                                              ; led_row[3]~reg0, led_row[4]~reg0, led_row[4], al422_nrst~reg0, pwm_cntr[1], pwm_cntr[0], pwm_cntr[2], pwm_cntr[3], pwm_cntr[4], pwm_cntr[5], pwm_cntr[6], pwm_cntr[7]                                                                                                                                                                                                                                                                                                                                                                                  ;
;  B  ; LC31       ; in_clk, in_nrst, data_rx_3bytes_1RGB:data_decoder|in_data_buffer[0]                                                                                                                                                                                                                                                                                                                                                                                                                     ; data_rx_3bytes_1RGB:data_decoder|comparator_out, data_rx_3bytes_1RGB:data_decoder|comparator_out~22, data_rx_3bytes_1RGB:data_decoder|comparator_out~27, data_rx_3bytes_1RGB:data_decoder|tmp_rgb[0]                                                                                                                                                                                                                                                                                                                                                   ;
;  B  ; LC28       ; in_clk, in_nrst, data_rx_3bytes_1RGB:data_decoder|LessThan0~24, pwm_cntr[6], pwm_cntr[5], data_rx_3bytes_1RGB:data_decoder|in_data_buffer[7], pwm_cntr[4], data_rx_3bytes_1RGB:data_decoder|in_data_buffer[4], data_rx_3bytes_1RGB:data_decoder|in_data_buffer[5], data_rx_3bytes_1RGB:data_decoder|in_data_buffer[6]                                                                                                                                                                   ; data_rx_3bytes_1RGB:data_decoder|comparator_out~27                                                                                                                                                                                                                                                                                                                                                                                                                                                                                                     ;
;  B  ; LC26       ; pwm_cntr[7], data_rx_3bytes_1RGB:data_decoder|in_data_buffer[7], pwm_cntr[6], data_rx_3bytes_1RGB:data_decoder|in_data_buffer[6], pwm_cntr[5], data_rx_3bytes_1RGB:data_decoder|in_data_buffer[5], pwm_cntr[4], data_rx_3bytes_1RGB:data_decoder|in_data_buffer[4]                                                                                                                                                                                                                      ; data_rx_3bytes_1RGB:data_decoder|LessThan0~24                                                                                                                                                                                                                                                                                                                                                                                                                                                                                                          ;
;  B  ; LC29       ; in_clk, in_nrst, pixel_counter[0], data_rx_3bytes_1RGB:data_decoder|phase_cntr[1], data_rx_3bytes_1RGB:data_decoder|phase_cntr[0]                                                                                                                                                                                                                                                                                                                                                       ; pixel_counter[2], led_lat~8, led_row[0]~reg0, led_oe, led_row[1]~reg0, led_row[2]~reg0, led_row[3]~reg0, led_row[4]~reg0, al422_nrst~reg0, pwm_cntr[1], pwm_cntr[0], pwm_cntr[2], pwm_cntr[3], pwm_cntr[4], pwm_cntr[5], pwm_cntr[6], pwm_cntr[7]                                                                                                                                                                                                                                                                                                      ;
;  B  ; LC18       ; in_clk, in_nrst, data_rx_3bytes_1RGB:data_decoder|in_data_buffer[3]                                                                                                                                                                                                                                                                                                                                                                                                                     ; data_rx_3bytes_1RGB:data_decoder|comparator_out, data_rx_3bytes_1RGB:data_decoder|comparator_out~22, data_rx_3bytes_1RGB:data_decoder|comparator_out~27                                                                                                                                                                                                                                                                                                                                                                                                ;
;  B  ; LC23       ; in_clk, in_nrst, data_rx_3bytes_1RGB:data_decoder|tmp_rgb[1]                                                                                                                                                                                                                                                                                                                                                                                                                            ; data_rx_3bytes_1RGB:data_decoder|rgb1[2]                                                                                                                                                                                                                                                                                                                                                                                                                                                                                                               ;
;  B  ; LC30       ; in_clk, in_nrst, data_rx_3bytes_1RGB:data_decoder|tmp_rgb[1], data_rx_3bytes_1RGB:data_decoder|phase_cntr[1], data_rx_3bytes_1RGB:data_decoder|phase_cntr[0]                                                                                                                                                                                                                                                                                                                            ; rgb1[1]                                                                                                                                                                                                                                                                                                                                                                                                                                                                                                                                                ;
;  B  ; LC25       ; in_clk, in_nrst, data_rx_3bytes_1RGB:data_decoder|tmp_rgb[2], data_rx_3bytes_1RGB:data_decoder|phase_cntr[1], data_rx_3bytes_1RGB:data_decoder|phase_cntr[0]                                                                                                                                                                                                                                                                                                                            ; rgb1[2]                                                                                                                                                                                                                                                                                                                                                                                                                                                                                                                                                ;
;  B  ; LC27       ; data_rx_3bytes_1RGB:data_decoder|LessThan0~18, pwm_cntr[5], pwm_cntr[7], data_rx_3bytes_1RGB:data_decoder|in_data_buffer[6], data_rx_3bytes_1RGB:data_decoder|in_data_buffer[5], pwm_cntr[4], data_rx_3bytes_1RGB:data_decoder|in_data_buffer[4], pwm_cntr[6], data_rx_3bytes_1RGB:data_decoder|in_data_buffer[7]                                                                                                                                                                       ; data_rx_3bytes_1RGB:data_decoder|tmp_carry                                                                                                                                                                                                                                                                                                                                                                                                                                                                                                             ;
;  B  ; LC21       ;                                                                                                                                                                                                                                                                                                                                                                                                                                                                                         ; rgb2[0]                                                                                                                                                                                                                                                                                                                                                                                                                                                                                                                                                ;
;  B  ; LC20       ;                                                                                                                                                                                                                                                                                                                                                                                                                                                                                         ; rgb2[1]                                                                                                                                                                                                                                                                                                                                                                                                                                                                                                                                                ;
;  B  ; LC19       ;                                                                                                                                                                                                                                                                                                                                                                                                                                                                                         ; rgb2[2]                                                                                                                                                                                                                                                                                                                                                                                                                                                                                                                                                ;
;  C  ; LC35       ; in_clk, led_row[1]~reg0, led_row[0]~reg0, in_nrst, pixel_counter[2], data_rx_3bytes_1RGB:data_decoder|phase_cntr[1], data_rx_3bytes_1RGB:data_decoder|phase_cntr[0], pixel_counter[1], pixel_counter[0]                                                                                                                                                                                                                                                                                 ; led_row[1]~reg0, led_row[1], led_row[2]~reg0, led_row[3]~reg0, led_row[4]~reg0, al422_nrst~reg0, pwm_cntr[1], pwm_cntr[0], pwm_cntr[2], pwm_cntr[3], pwm_cntr[4], pwm_cntr[5], pwm_cntr[6], pwm_cntr[7]                                                                                                                                                                                                                                                                                                                                                ;
;  C  ; LC33       ; in_clk, in_nrst, pixel_counter[2], data_rx_3bytes_1RGB:data_decoder|phase_cntr[1], data_rx_3bytes_1RGB:data_decoder|phase_cntr[0], pixel_counter[1], pixel_counter[0]                                                                                                                                                                                                                                                                                                                   ; led_row[0], led_row[1]~reg0, led_row[2]~reg0, led_row[3]~reg0, led_row[4]~reg0, al422_nrst~reg0, pwm_cntr[1], pwm_cntr[0], pwm_cntr[2], pwm_cntr[3], pwm_cntr[4], pwm_cntr[5], pwm_cntr[6], pwm_cntr[7]                                                                                                                                                                                                                                                                                                                                                ;
;  C  ; LC41       ; pixel_counter[2], data_rx_3bytes_1RGB:data_decoder|phase_cntr[1], data_rx_3bytes_1RGB:data_decoder|phase_cntr[0], pixel_counter[1], pixel_counter[0]                                                                                                                                                                                                                                                                                                                                    ; led_lat_out                                                                                                                                                                                                                                                                                                                                                                                                                                                                                                                                            ;
;  C  ; LC40       ; data_rx_3bytes_1RGB:data_decoder|phase_cntr[1], data_rx_3bytes_1RGB:data_decoder|phase_cntr[0]                                                                                                                                                                                                                                                                                                                                                                                          ; led_clk_out                                                                                                                                                                                                                                                                                                                                                                                                                                                                                                                                            ;
;  C  ; LC46       ; in_clk, pixel_counter[2], pixel_counter[1], pixel_counter[0], led_oe, in_nrst                                                                                                                                                                                                                                                                                                                                                                                                           ; led_oe, led_oe_out                                                                                                                                                                                                                                                                                                                                                                                                                                                                                                                                     ;
;  C  ; LC37       ; in_clk, in_nrst, led_row[2]~reg0, led_row[1]~reg0, led_row[0]~reg0, led_row[4]~reg0, led_row[3]~reg0, pixel_counter[2], data_rx_3bytes_1RGB:data_decoder|phase_cntr[1], data_rx_3bytes_1RGB:data_decoder|phase_cntr[0], pixel_counter[1], pixel_counter[0]                                                                                                                                                                                                                              ; led_row[3]~reg0, led_row[3], led_row[4]~reg0, al422_nrst~reg0, pwm_cntr[1], pwm_cntr[0], pwm_cntr[2], pwm_cntr[3], pwm_cntr[4], pwm_cntr[5], pwm_cntr[6], pwm_cntr[7]                                                                                                                                                                                                                                                                                                                                                                                  ;
;  C  ; LC36       ; in_clk, led_row[1]~reg0, led_row[0]~reg0, led_row[2]~reg0, in_nrst, pixel_counter[2], data_rx_3bytes_1RGB:data_decoder|phase_cntr[1], data_rx_3bytes_1RGB:data_decoder|phase_cntr[0], pixel_counter[1], pixel_counter[0]                                                                                                                                                                                                                                                                ; led_row[2]~reg0, led_row[2], led_row[3]~reg0, led_row[4]~reg0, al422_nrst~reg0, pwm_cntr[1], pwm_cntr[0], pwm_cntr[2], pwm_cntr[3], pwm_cntr[4], pwm_cntr[5], pwm_cntr[6], pwm_cntr[7]                                                                                                                                                                                                                                                                                                                                                                 ;
;  D  ; LC64       ; in_clk, in_nrst, in_data[7]                                                                                                                                                                                                                                                                                                                                                                                                                                                             ; data_rx_3bytes_1RGB:data_decoder|tmp_carry, data_rx_3bytes_1RGB:data_decoder|LessThan0~18, data_rx_3bytes_1RGB:data_decoder|LessThan0~24                                                                                                                                                                                                                                                                                                                                                                                                               ;
;  D  ; LC57       ; in_clk, in_nrst, data_rx_3bytes_1RGB:data_decoder|comparator_out~22, data_rx_3bytes_1RGB:data_decoder|tmp_reg_buffer[3], data_rx_3bytes_1RGB:data_decoder|tmp_reg_pwm[3], data_rx_3bytes_1RGB:data_decoder|tmp_reg_pwm[2], data_rx_3bytes_1RGB:data_decoder|tmp_reg_buffer[2], data_rx_3bytes_1RGB:data_decoder|tmp_reg_pwm[1], data_rx_3bytes_1RGB:data_decoder|tmp_reg_buffer[1], data_rx_3bytes_1RGB:data_decoder|tmp_reg_buffer[0], data_rx_3bytes_1RGB:data_decoder|tmp_reg_pwm[0] ; data_rx_3bytes_1RGB:data_decoder|tmp_rgb[0]                                                                                                                                                                                                                                                                                                                                                                                                                                                                                                            ;
;  D  ; LC63       ; in_clk, in_nrst, in_data[6]                                                                                                                                                                                                                                                                                                                                                                                                                                                             ; data_rx_3bytes_1RGB:data_decoder|tmp_carry, data_rx_3bytes_1RGB:data_decoder|LessThan0~18, data_rx_3bytes_1RGB:data_decoder|LessThan0~24                                                                                                                                                                                                                                                                                                                                                                                                               ;
;  D  ; LC62       ; in_clk, in_nrst, in_data[5]                                                                                                                                                                                                                                                                                                                                                                                                                                                             ; data_rx_3bytes_1RGB:data_decoder|tmp_carry, data_rx_3bytes_1RGB:data_decoder|LessThan0~18, data_rx_3bytes_1RGB:data_decoder|LessThan0~24                                                                                                                                                                                                                                                                                                                                                                                                               ;
;  D  ; LC61       ; in_clk, in_nrst, in_data[4]                                                                                                                                                                                                                                                                                                                                                                                                                                                             ; data_rx_3bytes_1RGB:data_decoder|tmp_carry, data_rx_3bytes_1RGB:data_decoder|LessThan0~18, data_rx_3bytes_1RGB:data_decoder|LessThan0~24                                                                                                                                                                                                                                                                                                                                                                                                               ;
;  D  ; LC60       ; in_clk, in_nrst, in_data[3]                                                                                                                                                                                                                                                                                                                                                                                                                                                             ; data_rx_3bytes_1RGB:data_decoder|tmp_reg_buffer[3]                                                                                                                                                                                                                                                                                                                                                                                                                                                                                                     ;
;  D  ; LC54       ; in_clk, in_nrst, in_data[1]                                                                                                                                                                                                                                                                                                                                                                                                                                                             ; data_rx_3bytes_1RGB:data_decoder|tmp_reg_buffer[1]                                                                                                                                                                                                                                                                                                                                                                                                                                                                                                     ;
;  D  ; LC52       ; in_clk, in_nrst, in_data[0]                                                                                                                                                                                                                                                                                                                                                                                                                                                             ; data_rx_3bytes_1RGB:data_decoder|tmp_reg_buffer[0]                                                                                                                                                                                                                                                                                                                                                                                                                                                                                                     ;
;  D  ; LC51       ; in_clk, in_nrst, data_rx_3bytes_1RGB:data_decoder|comparator_out, data_rx_3bytes_1RGB:data_decoder|tmp_reg_buffer[1], data_rx_3bytes_1RGB:data_decoder|tmp_reg_pwm[3], data_rx_3bytes_1RGB:data_decoder|tmp_reg_pwm[2], data_rx_3bytes_1RGB:data_decoder|tmp_reg_buffer[0], data_rx_3bytes_1RGB:data_decoder|tmp_reg_pwm[0]                                                                                                                                                             ; data_rx_3bytes_1RGB:data_decoder|tmp_rgb[1], data_rx_3bytes_1RGB:data_decoder|rgb1[0]                                                                                                                                                                                                                                                                                                                                                                                                                                                                  ;
;  D  ; LC59       ; in_clk, in_nrst, in_data[2]                                                                                                                                                                                                                                                                                                                                                                                                                                                             ; data_rx_3bytes_1RGB:data_decoder|tmp_reg_buffer[2]                                                                                                                                                                                                                                                                                                                                                                                                                                                                                                     ;
;  D  ; LC50       ; in_clk, in_nrst, data_rx_3bytes_1RGB:data_decoder|phase_cntr[1], data_rx_3bytes_1RGB:data_decoder|phase_cntr[0]                                                                                                                                                                                                                                                                                                                                                                         ; data_rx_3bytes_1RGB:data_decoder|phase_cntr[0], data_rx_3bytes_1RGB:data_decoder|phase_cntr[1], data_rx_3bytes_1RGB:data_decoder|Equal2~6, pixel_counter[0], pixel_counter[1], pixel_counter[2], led_lat~8, led_row[0]~reg0, led_row[1]~reg0, led_row[2]~reg0, led_row[3]~reg0, led_row[4]~reg0, al422_nrst~reg0, pwm_cntr[1], pwm_cntr[0], pwm_cntr[2], pwm_cntr[3], pwm_cntr[4], pwm_cntr[5], pwm_cntr[6], pwm_cntr[7], data_rx_3bytes_1RGB:data_decoder|rgb1[0], data_rx_3bytes_1RGB:data_decoder|rgb1[1], data_rx_3bytes_1RGB:data_decoder|rgb1[2] ;
;  D  ; LC58       ; in_clk, in_nrst, data_rx_3bytes_1RGB:data_decoder|phase_cntr[1], data_rx_3bytes_1RGB:data_decoder|phase_cntr[0]                                                                                                                                                                                                                                                                                                                                                                         ; pixel_counter[1], pixel_counter[2], led_lat~8, led_row[0]~reg0, led_oe, led_row[1]~reg0, led_row[2]~reg0, led_row[3]~reg0, led_row[4]~reg0, al422_nrst~reg0, pwm_cntr[1], pwm_cntr[0], pwm_cntr[2], pwm_cntr[3], pwm_cntr[4], pwm_cntr[5], pwm_cntr[6], pwm_cntr[7]                                                                                                                                                                                                                                                                                    ;
;  D  ; LC49       ; in_clk, in_nrst, data_rx_3bytes_1RGB:data_decoder|phase_cntr[1], data_rx_3bytes_1RGB:data_decoder|phase_cntr[0]                                                                                                                                                                                                                                                                                                                                                                         ; data_rx_3bytes_1RGB:data_decoder|phase_cntr[0], data_rx_3bytes_1RGB:data_decoder|phase_cntr[1], data_rx_3bytes_1RGB:data_decoder|Equal2~6, pixel_counter[0], pixel_counter[1], pixel_counter[2], led_lat~8, led_row[0]~reg0, led_row[1]~reg0, led_row[2]~reg0, led_row[3]~reg0, led_row[4]~reg0, al422_nrst~reg0, pwm_cntr[1], pwm_cntr[0], pwm_cntr[2], pwm_cntr[3], pwm_cntr[4], pwm_cntr[5], pwm_cntr[6], pwm_cntr[7], data_rx_3bytes_1RGB:data_decoder|rgb1[0], data_rx_3bytes_1RGB:data_decoder|rgb1[1], data_rx_3bytes_1RGB:data_decoder|rgb1[2] ;
;  D  ; LC56       ; data_rx_3bytes_1RGB:data_decoder|comparator_out~27, data_rx_3bytes_1RGB:data_decoder|tmp_reg_buffer[3], data_rx_3bytes_1RGB:data_decoder|tmp_reg_pwm[2], data_rx_3bytes_1RGB:data_decoder|tmp_reg_buffer[2], data_rx_3bytes_1RGB:data_decoder|tmp_reg_pwm[1], data_rx_3bytes_1RGB:data_decoder|tmp_reg_buffer[1], data_rx_3bytes_1RGB:data_decoder|tmp_reg_buffer[0], data_rx_3bytes_1RGB:data_decoder|tmp_reg_pwm[0]                                                                   ; data_rx_3bytes_1RGB:data_decoder|comparator_out                                                                                                                                                                                                                                                                                                                                                                                                                                                                                                        ;
;  D  ; LC55       ; data_rx_3bytes_1RGB:data_decoder|tmp_reg_buffer[1], data_rx_3bytes_1RGB:data_decoder|tmp_reg_buffer[3], data_rx_3bytes_1RGB:data_decoder|tmp_reg_pwm[2], data_rx_3bytes_1RGB:data_decoder|tmp_reg_buffer[0], data_rx_3bytes_1RGB:data_decoder|tmp_reg_pwm[0], data_rx_3bytes_1RGB:data_decoder|tmp_reg_buffer[2], data_rx_3bytes_1RGB:data_decoder|tmp_reg_pwm[3], data_rx_3bytes_1RGB:data_decoder|tmp_reg_pwm[1], data_rx_3bytes_1RGB:data_decoder|tmp_carry                          ; data_rx_3bytes_1RGB:data_decoder|comparator_out~22                                                                                                                                                                                                                                                                                                                                                                                                                                                                                                     ;
+-----+------------+-----------------------------------------------------------------------------------------------------------------------------------------------------------------------------------------------------------------------------------------------------------------------------------------------------------------------------------------------------------------------------------------------------------------------------------------------------------------------------------------+--------------------------------------------------------------------------------------------------------------------------------------------------------------------------------------------------------------------------------------------------------------------------------------------------------------------------------------------------------------------------------------------------------------------------------------------------------------------------------------------------------------------------------------------------------+


+---------------------------------------------------------------+
; Fitter Device Options                                         ;
+----------------------------------------------+----------------+
; Option                                       ; Setting        ;
+----------------------------------------------+----------------+
; Enable user-supplied start-up clock (CLKUSR) ; Off            ;
; Enable device-wide reset (DEV_CLRn)          ; Off            ;
; Enable device-wide output enable (DEV_OE)    ; Off            ;
; Enable INIT_DONE output                      ; Off            ;
; Configuration scheme                         ; Passive Serial ;
; Security bit                                 ; Off            ;
; Base pin-out file on sameframe device        ; Off            ;
+----------------------------------------------+----------------+


+-----------------+
; Fitter Messages ;
+-----------------+
Info (119006): Selected device EPM3064ATC44-10 for design "al422b_2rgb_8s"
Info: Quartus II 64-Bit Fitter was successful. 0 errors, 0 warnings
    Info: Peak virtual memory: 459 megabytes
    Info: Processing ended: Thu Dec 07 16:45:35 2017
    Info: Elapsed time: 00:00:01
    Info: Total CPU time (on all processors): 00:00:01


